Compiling the Fortran compiler identification source file "CMakeFortranCompilerId.F" failed.
Compiler: CMAKE_Fortran_COMPILER-NOTFOUND 
Build flags: 
Id flags: -v 

The output was:
No such file or directory


Compiling the Fortran compiler identification source file "CMakeFortranCompilerId.F" failed.
Compiler: CMAKE_Fortran_COMPILER-NOTFOUND 
Build flags: 
Id flags:  

The output was:
No such file or directory


Compiling the Fortran compiler identification source file "CMakeFortranCompilerId.F" failed.
Compiler: CMAKE_Fortran_COMPILER-NOTFOUND 
Build flags: 
Id flags: -c 

The output was:
No such file or directory


Compiling the Fortran compiler identification source file "CMakeFortranCompilerId.F" failed.
Compiler: CMAKE_Fortran_COMPILER-NOTFOUND 
Build flags: 
Id flags: -fpp 

The output was:
No such file or directory


Compiling the Fortran compiler identification source file "CMakeFortranCompilerId.F" failed.
Compiler: CMAKE_Fortran_COMPILER-NOTFOUND 
Build flags: 
Id flags: -v 

The output was:
No such file or directory


Compiling the Fortran compiler identification source file "CMakeFortranCompilerId.F" failed.
Compiler: CMAKE_Fortran_COMPILER-NOTFOUND 
Build flags: 
Id flags:  

The output was:
No such file or directory


Compiling the Fortran compiler identification source file "CMakeFortranCompilerId.F" failed.
Compiler: CMAKE_Fortran_COMPILER-NOTFOUND 
Build flags: 
Id flags: -c 

The output was:
No such file or directory


Compiling the Fortran compiler identification source file "CMakeFortranCompilerId.F" failed.
Compiler: CMAKE_Fortran_COMPILER-NOTFOUND 
Build flags: 
Id flags: -fpp 

The output was:
No such file or directory


Determining if the Fortran sgemm exists failed with the following output:
Change Dir: /home/of_rt/OpenFAST/build/CMakeFiles/CMakeTmp

Run Build Command(s):/usr/bin/gmake -f Makefile cmTC_250e0/fast && /usr/bin/gmake  -f CMakeFiles/cmTC_250e0.dir/build.make CMakeFiles/cmTC_250e0.dir/build
gmake[1]: Entering directory '/home/of_rt/OpenFAST/build/CMakeFiles/CMakeTmp'
Building Fortran object CMakeFiles/cmTC_250e0.dir/testFortranCompiler.f.o
/usr/bin/gfortran-10   -fpic  -ffree-line-length-none -cpp -fstack-reuse=none -fdefault-real-8 -fdefault-double-8  -c /home/of_rt/OpenFAST/build/CMakeFiles/CMakeTmp/testFortranCompiler.f -o CMakeFiles/cmTC_250e0.dir/testFortranCompiler.f.o
Linking Fortran executable cmTC_250e0
/usr/bin/cmake -E cmake_link_script CMakeFiles/cmTC_250e0.dir/link.txt --verbose=1
/usr/bin/gfortran-10  -fpic  -ffree-line-length-none -cpp -fstack-reuse=none -fdefault-real-8 -fdefault-double-8  CMakeFiles/cmTC_250e0.dir/testFortranCompiler.f.o -o cmTC_250e0 
/usr/bin/ld: CMakeFiles/cmTC_250e0.dir/testFortranCompiler.f.o: in function `MAIN__':
testFortranCompiler.f:(.text+0xa): undefined reference to `sgemm_'
collect2: error: ld returned 1 exit status
gmake[1]: *** [CMakeFiles/cmTC_250e0.dir/build.make:99: cmTC_250e0] Error 1
gmake[1]: Leaving directory '/home/of_rt/OpenFAST/build/CMakeFiles/CMakeTmp'
gmake: *** [Makefile:127: cmTC_250e0/fast] Error 2



Determining if the Fortran cheev exists failed with the following output:
Change Dir: /home/of_rt/OpenFAST/build/CMakeFiles/CMakeTmp

Run Build Command(s):/usr/bin/gmake -f Makefile cmTC_4282e/fast && /usr/bin/gmake  -f CMakeFiles/cmTC_4282e.dir/build.make CMakeFiles/cmTC_4282e.dir/build
gmake[1]: Entering directory '/home/of_rt/OpenFAST/build/CMakeFiles/CMakeTmp'
Building Fortran object CMakeFiles/cmTC_4282e.dir/testFortranCompiler.f.o
/usr/bin/gfortran-10   -fpic  -ffree-line-length-none -cpp -fstack-reuse=none -fdefault-real-8 -fdefault-double-8  -c /home/of_rt/OpenFAST/build/CMakeFiles/CMakeTmp/testFortranCompiler.f -o CMakeFiles/cmTC_4282e.dir/testFortranCompiler.f.o
Linking Fortran executable cmTC_4282e
/usr/bin/cmake -E cmake_link_script CMakeFiles/cmTC_4282e.dir/link.txt --verbose=1
/usr/bin/gfortran-10  -fpic  -ffree-line-length-none -cpp -fstack-reuse=none -fdefault-real-8 -fdefault-double-8  CMakeFiles/cmTC_4282e.dir/testFortranCompiler.f.o -o cmTC_4282e  /usr/lib/x86_64-linux-gnu/libblas.so -lm -ldl 
/usr/bin/ld: CMakeFiles/cmTC_4282e.dir/testFortranCompiler.f.o: in function `MAIN__':
testFortranCompiler.f:(.text+0xa): undefined reference to `cheev_'
collect2: error: ld returned 1 exit status
gmake[1]: *** [CMakeFiles/cmTC_4282e.dir/build.make:100: cmTC_4282e] Error 1
gmake[1]: Leaving directory '/home/of_rt/OpenFAST/build/CMakeFiles/CMakeTmp'
gmake: *** [Makefile:127: cmTC_4282e/fast] Error 2



Determining if the Fortran cheev exists failed with the following output:
Change Dir: /home/of_rt/OpenFAST/build/CMakeFiles/CMakeTmp

Run Build Command(s):/usr/bin/gmake -f Makefile cmTC_44696/fast && /usr/bin/gmake  -f CMakeFiles/cmTC_44696.dir/build.make CMakeFiles/cmTC_44696.dir/build
gmake[1]: Entering directory '/home/of_rt/OpenFAST/build/CMakeFiles/CMakeTmp'
Building Fortran object CMakeFiles/cmTC_44696.dir/testFortranCompiler.f.o
/usr/bin/gfortran-10   -fpic  -ffree-line-length-none -cpp -fstack-reuse=none -fdefault-real-8 -fdefault-double-8  -c /home/of_rt/OpenFAST/build/CMakeFiles/CMakeTmp/testFortranCompiler.f -o CMakeFiles/cmTC_44696.dir/testFortranCompiler.f.o
Linking Fortran executable cmTC_44696
/usr/bin/cmake -E cmake_link_script CMakeFiles/cmTC_44696.dir/link.txt --verbose=1
/usr/bin/gfortran-10  -fpic  -ffree-line-length-none -cpp -fstack-reuse=none -fdefault-real-8 -fdefault-double-8  CMakeFiles/cmTC_44696.dir/testFortranCompiler.f.o -o cmTC_44696  /usr/lib/x86_64-linux-gnu/liblapack.so /usr/lib/x86_64-linux-gnu/libblas.so -fortranlibs 
gfortran-10: error: unrecognized command-line option '-fortranlibs'
gmake[1]: *** [CMakeFiles/cmTC_44696.dir/build.make:101: cmTC_44696] Error 1
gmake[1]: Leaving directory '/home/of_rt/OpenFAST/build/CMakeFiles/CMakeTmp'
gmake: *** [Makefile:127: cmTC_44696/fast] Error 2



